#
# A fatal error has been detected by the Java Runtime Environment:
#
#  EXCEPTION_ACCESS_VIOLATION (0xc0000005) at pc=0x000000006759ffc4, pid=13700, tid=0x0000000000004340
#
# JRE version: Java(TM) SE Runtime Environment (8.0_111-b14) (build 1.8.0_111-b14)
# Java VM: Java HotSpot(TM) 64-Bit Server VM (25.111-b14 mixed mode windows-amd64 compressed oops)
# Problematic frame:
# C  [awt.dll+0xcffc4]
#
# Failed to write core dump. Minidumps are not enabled by default on client versions of Windows
#
# If you would like to submit a bug report, please visit:
#   http://bugreport.java.com/bugreport/crash.jsp
# The crash happened outside the Java Virtual Machine in native code.
# See problematic frame for where to report the bug.
#

---------------  T H R E A D  ---------------

Current thread (0x000000001a936800):  JavaThread "AWT-EventQueue-0" [_thread_in_native, id=17216, stack(0x000000001be00000,0x000000001bf00000)]

siginfo: ExceptionCode=0xc0000005, reading address 0xffffffffffffffff

Registers:
RAX=0x00008454b13ddfcc, RBX=0x000000001abbc9d0, RCX=0x006c6c642e74656e, RDX=0x000000001a9369f8
RSP=0x000000001befd7d0, RBP=0x000000001befd901, RSI=0x000000001a9369f8, RDI=0x000000001a9369f8
R8 =0x0000000000000001, R9 =0x0000000000000001, R10=0x0000000002b87f48, R11=0x0000000066a2b580
R12=0x006c6c642e74656e, R13=0x000000001753a6e8, R14=0x000000001befd990, R15=0x000000001a936801
RIP=0x000000006759ffc4, EFLAGS=0x0000000000010206

Top of Stack: (sp=0x000000001befd7d0)
0x000000001befd7d0:   000000001a936800 0000000066b1e95b
0x000000001befd7e0:   0000000017447d90 000000001a936800
0x000000001befd7f0:   00000000ffffffff 0000000066a02cd5
0x000000001befd800:   000000001befd940 000000001befd860
0x000000001befd810:   000000001999bfa0 0000000066a02cd5
0x000000001befd820:   0000000017447d90 000000001a936800
0x000000001befd830:   00000000ffffffff 000000001a9369f8
0x000000001befd840:   fffffffffffffffe 00000000ffffffff
0x000000001befd850:   00000000ffffffff 0000000066a0346b
0x000000001befd860:   0000000067611a18 00000000674f7819
0x000000001befd870:   00008454b13ddfcc 000000001a9369f8
0x000000001befd880:   000000001a936800 000000001befd990
0x000000001befd890:   000000001753a6e8 0000000000000000
0x000000001befd8a0:   0000000000000000 00000000675a1777
0x000000001befd8b0:   0000000067611a18 000000001753a6e8
0x000000001befd8c0:   000000001abbc9d0 000000001a9369f8 

Instructions: (pc=0x000000006759ffc4)
0x000000006759ffa4:   48 8b 05 5d a5 07 00 48 33 c4 48 89 84 24 a0 00
0x000000006759ffb4:   00 00 45 8a f8 48 8b fa 4c 8b e1 48 89 54 24 68
0x000000006759ffc4:   48 8b 01 83 78 04 18 75 1b 4c 8d 05 40 ab 02 00
0x000000006759ffd4:   48 8d 15 05 e0 03 00 48 8b cf e8 0b e4 00 00 e9 


Register to memory mapping:

RAX=0x00008454b13ddfcc is an unknown value
RBX=0x000000001abbc9d0 is an unknown value
RCX=0x006c6c642e74656e is an unknown value
RDX=0x000000001a9369f8 is an unknown value
RSP=0x000000001befd7d0 is pointing into the stack for thread: 0x000000001a936800
RBP=0x000000001befd901 is pointing into the stack for thread: 0x000000001a936800
RSI=0x000000001a9369f8 is an unknown value
RDI=0x000000001a9369f8 is an unknown value
R8 =0x0000000000000001 is an unknown value
R9 =0x0000000000000001 is an unknown value
R10=0x0000000002b87f48 is at code_begin+840 in an Interpreter codelet
method entry point (kind = native)  [0x0000000002b87c00, 0x0000000002b88560]  2400 bytes
R11=0x0000000066a2b580 is an unknown value
R12=0x006c6c642e74656e is an unknown value
R13={method} {0x000000001753a6f0} 'makeColorModel' '(IZ)Ljava/awt/image/ColorModel;' in 'sun/awt/Win32GraphicsDevice'
R14=0x000000001befd990 is pointing into the stack for thread: 0x000000001a936800
R15=0x000000001a936801 is an unknown value


Stack: [0x000000001be00000,0x000000001bf00000],  sp=0x000000001befd7d0,  free space=1013k
Native frames: (J=compiled Java code, j=interpreted, Vv=VM code, C=native code)
C  [awt.dll+0xcffc4]

Java frames: (J=compiled Java code, j=interpreted, Vv=VM code)
j  sun.awt.Win32GraphicsDevice.makeColorModel(IZ)Ljava/awt/image/ColorModel;+0
j  sun.awt.Win32GraphicsDevice.getDynamicColorModel()Ljava/awt/image/ColorModel;+14
j  sun.awt.Win32GraphicsConfig.getDeviceColorModel()Ljava/awt/image/ColorModel;+4
j  sun.awt.windows.WComponentPeer.getDeviceColorModel()Ljava/awt/image/ColorModel;+13
j  sun.java2d.windows.GDIWindowSurfaceData.createData(Lsun/awt/windows/WComponentPeer;)Lsun/java2d/windows/GDIWindowSurfaceData;+1
j  sun.awt.Win32GraphicsConfig.createSurfaceData(Lsun/awt/windows/WComponentPeer;I)Lsun/java2d/SurfaceData;+1
j  sun.java2d.ScreenUpdateManager.createScreenSurface(Lsun/awt/Win32GraphicsConfig;Lsun/awt/windows/WComponentPeer;IZ)Lsun/java2d/SurfaceData;+3
j  sun.java2d.d3d.D3DScreenUpdateManager.createScreenSurface(Lsun/awt/Win32GraphicsConfig;Lsun/awt/windows/WComponentPeer;IZ)Lsun/java2d/SurfaceData;+20
j  sun.awt.windows.WComponentPeer.createScreenSurface(Z)V+21
j  sun.awt.windows.WComponentPeer.replaceSurfaceData(ILjava/awt/BufferCapabilities;)V+63
j  sun.awt.windows.WComponentPeer.replaceSurfaceData()V+9
j  sun.awt.windows.WComponentPeer.updateGraphicsData(Ljava/awt/GraphicsConfiguration;)Z+9
j  sun.awt.windows.WFramePeer.updateGraphicsData(Ljava/awt/GraphicsConfiguration;)Z+2
j  java.awt.Component.updateGraphicsData(Ljava/awt/GraphicsConfiguration;)Z+30
j  java.awt.Container.updateGraphicsData(Ljava/awt/GraphicsConfiguration;)Z+6
j  java.awt.Component.setGraphicsConfiguration(Ljava/awt/GraphicsConfiguration;)V+9
j  java.awt.Window.setGraphicsConfiguration(Ljava/awt/GraphicsConfiguration;)V+23
j  java.awt.Component$1.setGraphicsConfiguration(Ljava/awt/Component;Ljava/awt/GraphicsConfiguration;)V+2
j  sun.awt.windows.WWindowPeer.updateGC()V+156
j  sun.awt.windows.WWindowPeer.displayChanged()V+1
j  sun.awt.SunDisplayChanger.notifyListeners()V+118
j  sun.awt.Win32GraphicsDevice.displayChanged()V+19
j  sun.awt.Win32GraphicsEnvironment.displayChanged()V+198
j  sun.awt.windows.WToolkit$3.run()V+6
J 1151 C1 java.awt.event.InvocationEvent.dispatch()V (69 bytes) @ 0x0000000002f3f3d4 [0x0000000002f3f1c0+0x214]
J 708 C1 java.awt.EventQueue.dispatchEventImpl(Ljava/awt/AWTEvent;Ljava/lang/Object;)V (149 bytes) @ 0x0000000002e03d04 [0x0000000002e02240+0x1ac4]
J 706 C1 java.awt.EventQueue$3.run()Ljava/lang/Void; (60 bytes) @ 0x0000000002e0190c [0x0000000002e01700+0x20c]
J 705 C1 java.awt.EventQueue$3.run()Ljava/lang/Object; (5 bytes) @ 0x0000000002dfcc8c [0x0000000002dfcc00+0x8c]
v  ~StubRoutines::call_stub
J 642  java.security.AccessController.doPrivileged(Ljava/security/PrivilegedAction;Ljava/security/AccessControlContext;)Ljava/lang/Object; (0 bytes) @ 0x0000000002dd90e6 [0x0000000002dd9080+0x66]
J 658 C1 java.awt.EventQueue.dispatchEvent(Ljava/awt/AWTEvent;)V (80 bytes) @ 0x0000000002de1444 [0x0000000002de0ac0+0x984]
J 660 C1 java.awt.EventDispatchThread.pumpOneEventForFilters(I)V (295 bytes) @ 0x0000000002de4ae4 [0x0000000002de2f80+0x1b64]
j  java.awt.EventDispatchThread.pumpEventsForFilter(ILjava/awt/Conditional;Ljava/awt/EventFilter;)V+35
j  java.awt.EventDispatchThread.pumpEventsForHierarchy(ILjava/awt/Conditional;Ljava/awt/Component;)V+11
j  java.awt.EventDispatchThread.pumpEvents(ILjava/awt/Conditional;)V+4
j  java.awt.EventDispatchThread.pumpEvents(Ljava/awt/Conditional;)V+3
j  java.awt.EventDispatchThread.run()V+9
v  ~StubRoutines::call_stub

---------------  P R O C E S S  ---------------

Java Threads: ( => current thread )
  0x000000001ac57000 JavaThread "mysql-cj-abandoned-connection-cleanup" daemon [_thread_blocked, id=19688, stack(0x000000001d3f0000,0x000000001d4f0000)]
  0x0000000002a70800 JavaThread "DestroyJavaVM" [_thread_blocked, id=9188, stack(0x0000000002970000,0x0000000002a70000)]
=>0x000000001a936800 JavaThread "AWT-EventQueue-0" [_thread_in_native, id=17216, stack(0x000000001be00000,0x000000001bf00000)]
  0x000000001a916800 JavaThread "AWT-Windows" daemon [_thread_in_native, id=13500, stack(0x000000001b310000,0x000000001b410000)]
  0x000000001a8c5800 JavaThread "AWT-Shutdown" [_thread_blocked, id=14780, stack(0x000000001b210000,0x000000001b310000)]
  0x000000001a8c5000 JavaThread "Java2D Disposer" daemon [_thread_blocked, id=14232, stack(0x000000001b090000,0x000000001b190000)]
  0x00000000199e1000 JavaThread "Service Thread" daemon [_thread_blocked, id=1708, stack(0x000000001a540000,0x000000001a640000)]
  0x000000001996f000 JavaThread "C1 CompilerThread3" daemon [_thread_blocked, id=17356, stack(0x000000001a440000,0x000000001a540000)]
  0x0000000019975000 JavaThread "C2 CompilerThread2" daemon [_thread_blocked, id=13024, stack(0x000000001a340000,0x000000001a440000)]
  0x0000000019962800 JavaThread "C2 CompilerThread1" daemon [_thread_blocked, id=17872, stack(0x000000001a240000,0x000000001a340000)]
  0x0000000019958000 JavaThread "C2 CompilerThread0" daemon [_thread_blocked, id=11032, stack(0x000000001a140000,0x000000001a240000)]
  0x0000000019957000 JavaThread "Attach Listener" daemon [_thread_blocked, id=19308, stack(0x000000001a040000,0x000000001a140000)]
  0x0000000019956000 JavaThread "Signal Dispatcher" daemon [_thread_blocked, id=3836, stack(0x0000000019f40000,0x000000001a040000)]
  0x0000000002b69800 JavaThread "Finalizer" daemon [_thread_blocked, id=924, stack(0x0000000019d30000,0x0000000019e30000)]
  0x0000000002b68000 JavaThread "Reference Handler" daemon [_thread_blocked, id=11824, stack(0x0000000019830000,0x0000000019930000)]

Other Threads:
  0x0000000017a59800 VMThread [stack: 0x0000000019730000,0x0000000019830000] [id=15296]
  0x00000000199e4000 WatcherThread [stack: 0x000000001a640000,0x000000001a740000] [id=19848]

VM state:not at safepoint (normal execution)

VM Mutex/Monitor currently owned by a thread: None

Heap:
 PSYoungGen      total 37888K, used 32485K [0x00000000d6500000, 0x00000000d8f00000, 0x0000000100000000)
  eden space 32768K, 99% used [0x00000000d6500000,0x00000000d84b9628,0x00000000d8500000)
  from space 5120K, 0% used [0x00000000d8a00000,0x00000000d8a00000,0x00000000d8f00000)
  to   space 5120K, 0% used [0x00000000d8500000,0x00000000d8500000,0x00000000d8a00000)
 ParOldGen       total 86016K, used 0K [0x0000000082e00000, 0x0000000088200000, 0x00000000d6500000)
  object space 86016K, 0% used [0x0000000082e00000,0x0000000082e00000,0x0000000088200000)
 Metaspace       used 14685K, capacity 14928K, committed 15232K, reserved 1062912K
  class space    used 1744K, capacity 1828K, committed 1920K, reserved 1048576K

Card table byte_map: [0x0000000011f30000,0x0000000012320000] byte_map_base: 0x0000000011b19000

Marking Bits: (ParMarkBitMap*) 0x000000006701a6c0
 Begin Bits: [0x0000000012dc0000, 0x0000000014d08000)
 End Bits:   [0x0000000014d08000, 0x0000000016c50000)

Polling page: 0x0000000000c00000

CodeCache: size=245760Kb used=4368Kb max_used=4379Kb free=241391Kb
 bounds [0x0000000002b70000, 0x0000000002fc0000, 0x0000000011b70000]
 total_blobs=1830 nmethods=1311 adapters=431
 compilation: enabled

Compilation events (10 events):
Event: 3446.750 Thread 0x000000001996f000 1307   !   3       java.lang.invoke.MemberName::clone (14 bytes)
Event: 3446.751 Thread 0x000000001996f000 nmethod 1307 0x0000000002fb2590 code [0x0000000002fb2720, 0x0000000002fb2a78]
Event: 3446.800 Thread 0x000000001996f000 1308       3       java.beans.PropertyChangeSupport::firePropertyChange (35 bytes)
Event: 3446.802 Thread 0x000000001996f000 nmethod 1308 0x0000000002fb6cd0 code [0x0000000002fb6e80, 0x0000000002fb7528]
Event: 3447.060 Thread 0x0000000019975000 1309       4       sun.util.logging.PlatformLogger$DefaultLoggerProxy::isLoggable (29 bytes)
Event: 3447.061 Thread 0x0000000019962800 1310       4       sun.util.logging.PlatformLogger::isLoggable (38 bytes)
Event: 3447.061 Thread 0x000000001996f000 1311   !   3       java.awt.Toolkit::setDesktopProperty (81 bytes)
Event: 3447.062 Thread 0x0000000019975000 nmethod 1309 0x0000000002fb5450 code [0x0000000002fb55a0, 0x0000000002fb5698]
Event: 3447.062 Thread 0x000000001996f000 nmethod 1311 0x0000000002fb7810 code [0x0000000002fb7a40, 0x0000000002fb8948]
Event: 3447.063 Thread 0x0000000019962800 nmethod 1310 0x0000000002fb4f90 code [0x0000000002fb50e0, 0x0000000002fb5238]

GC Heap History (0 events):
No events

Deoptimization events (9 events):
Event: 0.568 Thread 0x000000001a936800 Uncommon trap: reason=unstable_if action=reinterpret pc=0x0000000002d469fc method=java.lang.CharacterData.of(I)Ljava/lang/CharacterData; @ 4
Event: 0.608 Thread 0x000000001a936800 Uncommon trap: reason=unstable_if action=reinterpret pc=0x0000000002d9dcb4 method=java.lang.Character.isSurrogate(C)Z @ 3
Event: 9.878 Thread 0x000000001a936800 Uncommon trap: reason=class_check action=maybe_recompile pc=0x0000000002e063c8 method=java.util.HashMap.getNode(ILjava/lang/Object;)Ljava/util/HashMap$Node; @ 126
Event: 9.880 Thread 0x000000001a936800 Uncommon trap: reason=class_check action=maybe_recompile pc=0x0000000002e063c8 method=java.util.HashMap.getNode(ILjava/lang/Object;)Ljava/util/HashMap$Node; @ 126
Event: 9.887 Thread 0x000000001a936800 Uncommon trap: reason=class_check action=maybe_recompile pc=0x0000000002e063c8 method=java.util.HashMap.getNode(ILjava/lang/Object;)Ljava/util/HashMap$Node; @ 126
Event: 9.887 Thread 0x000000001a936800 Uncommon trap: reason=class_check action=maybe_recompile pc=0x0000000002e063c8 method=java.util.HashMap.getNode(ILjava/lang/Object;)Ljava/util/HashMap$Node; @ 126
Event: 9.887 Thread 0x000000001a936800 Uncommon trap: reason=unstable_if action=reinterpret pc=0x0000000002d9c59c method=java.io.WinNTFileSystem.normalize(Ljava/lang/String;)Ljava/lang/String; @ 104
Event: 10.621 Thread 0x000000001a936800 Uncommon trap: reason=unstable_if action=reinterpret pc=0x0000000002e7b304 method=java.util.Properties$LineReader.readLine()I @ 252
Event: 10.621 Thread 0x000000001a936800 Uncommon trap: reason=unstable_if action=reinterpret pc=0x0000000002e7c3d4 method=java.util.Properties.loadConvert([CII[C)Ljava/lang/String; @ 4

Internal exceptions (10 events):
Event: 0.047 Thread 0x0000000002a70800 Exception <a 'java/lang/NoSuchMethodError': Method sun.misc.Unsafe.defineClass(Ljava/lang/String;[BII)Ljava/lang/Class; name or signature does not match> (0x00000000d6507c78) thrown at [C:\re\workspace\8-2-build-windows-amd64-cygwin\jdk8u111\7883\hotspot\
Event: 0.047 Thread 0x0000000002a70800 Exception <a 'java/lang/NoSuchMethodError': Method sun.misc.Unsafe.prefetchRead(Ljava/lang/Object;J)V name or signature does not match> (0x00000000d6507f60) thrown at [C:\re\workspace\8-2-build-windows-amd64-cygwin\jdk8u111\7883\hotspot\src\share\vm\prims
Event: 0.148 Thread 0x0000000002a70800 Exception <a 'java/security/PrivilegedActionException'> (0x00000000d6588150) thrown at [C:\re\workspace\8-2-build-windows-amd64-cygwin\jdk8u111\7883\hotspot\src\share\vm\prims\jvm.cpp, line 1386]
Event: 0.148 Thread 0x0000000002a70800 Exception <a 'java/security/PrivilegedActionException'> (0x00000000d6588360) thrown at [C:\re\workspace\8-2-build-windows-amd64-cygwin\jdk8u111\7883\hotspot\src\share\vm\prims\jvm.cpp, line 1386]
Event: 0.149 Thread 0x0000000002a70800 Exception <a 'java/security/PrivilegedActionException'> (0x00000000d658c248) thrown at [C:\re\workspace\8-2-build-windows-amd64-cygwin\jdk8u111\7883\hotspot\src\share\vm\prims\jvm.cpp, line 1386]
Event: 0.149 Thread 0x0000000002a70800 Exception <a 'java/security/PrivilegedActionException'> (0x00000000d658c458) thrown at [C:\re\workspace\8-2-build-windows-amd64-cygwin\jdk8u111\7883\hotspot\src\share\vm\prims\jvm.cpp, line 1386]
Event: 0.161 Thread 0x0000000002a70800 Exception <a 'java/io/FileNotFoundException'> (0x00000000d659e3f0) thrown at [C:\re\workspace\8-2-build-windows-amd64-cygwin\jdk8u111\7883\hotspot\src\share\vm\prims\jni.cpp, line 709]
Event: 0.203 Thread 0x0000000002a70800 Exception <a 'java/lang/NoSuchFieldError': method resolution failed> (0x00000000d670faf8) thrown at [C:\re\workspace\8-2-build-windows-amd64-cygwin\jdk8u111\7883\hotspot\src\share\vm\prims\methodHandles.cpp, line 1146]
Event: 0.205 Thread 0x0000000002a70800 Exception <a 'java/lang/NoSuchFieldError': method resolution failed> (0x00000000d671cec8) thrown at [C:\re\workspace\8-2-build-windows-amd64-cygwin\jdk8u111\7883\hotspot\src\share\vm\prims\methodHandles.cpp, line 1146]
Event: 0.253 Thread 0x0000000002a70800 Exception <a 'java/io/FileNotFoundException'> (0x00000000d67b1778) thrown at [C:\re\workspace\8-2-build-windows-amd64-cygwin\jdk8u111\7883\hotspot\src\share\vm\prims\jni.cpp, line 709]

Events (10 events):
Event: 22.772 loading class java/lang/StrictMath
Event: 22.773 loading class java/lang/StrictMath done
Event: 84.098 loading class sun/awt/SunToolkit$1
Event: 84.098 loading class sun/awt/SunToolkit$1 done
Event: 9363.339 loading class sun/awt/windows/WToolkit$3
Event: 9363.342 loading class sun/awt/windows/WToolkit$3 done
Event: 9363.439 loading class java/util/WeakHashMap$KeyIterator
Event: 9363.441 loading class java/util/WeakHashMap$HashIterator
Event: 9363.443 loading class java/util/WeakHashMap$HashIterator done
Event: 9363.443 loading class java/util/WeakHashMap$KeyIterator done


Dynamic libraries:
0x00007ff670600000 - 0x00007ff670637000 	C:\Program Files\Java\jdk1.8.0_111\bin\javaw.exe
0x00007fff76eb0000 - 0x00007fff7709d000 	C:\Windows\SYSTEM32\ntdll.dll
0x00007fff74770000 - 0x00007fff74823000 	C:\Windows\System32\KERNEL32.DLL
0x00007fff72f70000 - 0x00007fff73203000 	C:\Windows\System32\KERNELBASE.dll
0x00007fff76210000 - 0x00007fff762b3000 	C:\Windows\System32\ADVAPI32.dll
0x00007fff74530000 - 0x00007fff745ce000 	C:\Windows\System32\msvcrt.dll
0x00007fff75ec0000 - 0x00007fff75f5e000 	C:\Windows\System32\sechost.dll
0x00007fff740d0000 - 0x00007fff741f2000 	C:\Windows\System32\RPCRT4.dll
0x00007fff745d0000 - 0x00007fff74767000 	C:\Windows\System32\USER32.dll
0x00007fff736d0000 - 0x00007fff736f0000 	C:\Windows\System32\win32u.dll
0x00007fff75e10000 - 0x00007fff75e39000 	C:\Windows\System32\GDI32.dll
0x00007fff73300000 - 0x00007fff73499000 	C:\Windows\System32\gdi32full.dll
0x00007fff73260000 - 0x00007fff73300000 	C:\Windows\System32\msvcp_win.dll
0x00007fff735a0000 - 0x00007fff7369a000 	C:\Windows\System32\ucrtbase.dll
0x00007fff6c6d0000 - 0x00007fff6c949000 	C:\Windows\WinSxS\amd64_microsoft.windows.common-controls_6595b64144ccf1df_6.0.17763.802_none_05b1445c0722d2cc\COMCTL32.dll
0x00007fff74200000 - 0x00007fff7452c000 	C:\Windows\System32\combase.dll
0x00007fff734c0000 - 0x00007fff7353e000 	C:\Windows\System32\bcryptPrimitives.dll
0x00007fff76d90000 - 0x00007fff76dbe000 	C:\Windows\System32\IMM32.DLL
0x0000000067670000 - 0x0000000067742000 	C:\Program Files\Java\jdk1.8.0_111\jre\bin\msvcr100.dll
0x0000000066800000 - 0x000000006709a000 	C:\Program Files\Java\jdk1.8.0_111\jre\bin\server\jvm.dll
0x00007fff74830000 - 0x00007fff74838000 	C:\Windows\System32\PSAPI.DLL
0x00007fff69560000 - 0x00007fff6956a000 	C:\Windows\SYSTEM32\VERSION.dll
0x00007fff5e590000 - 0x00007fff5e599000 	C:\Windows\SYSTEM32\WSOCK32.dll
0x00007fff70c60000 - 0x00007fff70c84000 	C:\Windows\SYSTEM32\WINMM.dll
0x00007fff76630000 - 0x00007fff7669d000 	C:\Windows\System32\WS2_32.dll
0x00007fff6f4d0000 - 0x00007fff6f4fd000 	C:\Windows\SYSTEM32\WINMMBASE.dll
0x00007fff73210000 - 0x00007fff7325a000 	C:\Windows\System32\cfgmgr32.dll
0x0000000067810000 - 0x000000006781f000 	C:\Program Files\Java\jdk1.8.0_111\jre\bin\verify.dll
0x00000000677e0000 - 0x0000000067809000 	C:\Program Files\Java\jdk1.8.0_111\jre\bin\java.dll
0x00000000677c0000 - 0x00000000677d6000 	C:\Program Files\Java\jdk1.8.0_111\jre\bin\zip.dll
0x00007fff74910000 - 0x00007fff75e04000 	C:\Windows\System32\SHELL32.dll
0x00007fff76ce0000 - 0x00007fff76d88000 	C:\Windows\System32\shcore.dll
0x00007fff738d0000 - 0x00007fff7401d000 	C:\Windows\System32\windows.storage.dll
0x00007fff72f20000 - 0x00007fff72f44000 	C:\Windows\System32\profapi.dll
0x00007fff72ec0000 - 0x00007fff72f1d000 	C:\Windows\System32\powrprof.dll
0x00007fff74840000 - 0x00007fff74892000 	C:\Windows\System32\shlwapi.dll
0x00007fff72ea0000 - 0x00007fff72eb1000 	C:\Windows\System32\kernel.appcore.dll
0x00007fff734a0000 - 0x00007fff734b7000 	C:\Windows\System32\cryptsp.dll
0x00000000674d0000 - 0x0000000067668000 	C:\Program Files\Java\jdk1.8.0_111\jre\bin\awt.dll
0x00007fff76010000 - 0x00007fff760d4000 	C:\Windows\System32\OLEAUT32.dll
0x00007fff70e20000 - 0x00007fff70eac000 	C:\Windows\SYSTEM32\apphelp.dll
0x00007fff711d0000 - 0x00007fff711fe000 	C:\Windows\system32\DWMAPI.DLL
0x00007fff736f0000 - 0x00007fff738cb000 	C:\Windows\System32\CRYPT32.dll
0x00007fff72f50000 - 0x00007fff72f62000 	C:\Windows\System32\MSASN1.dll
0x00007fff70c90000 - 0x00007fff70d2c000 	C:\Windows\system32\uxtheme.dll
0x00007fff76360000 - 0x00007fff764cb000 	C:\Windows\System32\MSCTF.dll
0x00007fff764d0000 - 0x00007fff76625000 	C:\Windows\System32\ole32.dll
0x0000000067490000 - 0x00000000674c1000 	C:\Program Files\Java\jdk1.8.0_111\jre\bin\jpeg.dll
0x00000000667b0000 - 0x00000000667f7000 	C:\Program Files\Java\jdk1.8.0_111\jre\bin\fontmanager.dll
0x00007fff22630000 - 0x00007fff226c9000 	C:\Windows\system32\RICHED20.DLL
0x00007fff484f0000 - 0x00007fff48509000 	C:\Windows\SYSTEM32\USP10.dll
0x00007fff48510000 - 0x00007fff48549000 	C:\Windows\SYSTEM32\msls31.dll
0x00007fff44070000 - 0x00007fff440c6000 	C:\Windows\system32\dataexchange.dll
0x00007fff6fc70000 - 0x00007fff6feee000 	C:\Windows\system32\d3d11.dll
0x00007fff702e0000 - 0x00007fff704a3000 	C:\Windows\system32\dcomp.dll
0x00007fff71bd0000 - 0x00007fff71c92000 	C:\Windows\system32\dxgi.dll
0x00007fff71200000 - 0x00007fff7140d000 	C:\Windows\system32\twinapi.appcore.dll
0x00007fff714c0000 - 0x00007fff714e8000 	C:\Windows\system32\RMCLIENT.dll
0x00007fff6cdf0000 - 0x00007fff6cfa8000 	C:\Windows\SYSTEM32\WindowsCodecs.dll
0x00007fff69a80000 - 0x00007fff69b15000 	C:\Windows\System32\TextInputFramework.dll
0x00007fff6e630000 - 0x00007fff6e952000 	C:\Windows\System32\CoreUIComponents.dll
0x00007fff70b20000 - 0x00007fff70c02000 	C:\Windows\System32\CoreMessaging.dll
0x00007fff71f10000 - 0x00007fff71f41000 	C:\Windows\SYSTEM32\ntmarta.dll
0x00007fff6e0f0000 - 0x00007fff6e243000 	C:\Windows\SYSTEM32\wintypes.dll
0x00000000677a0000 - 0x00000000677ba000 	C:\Program Files\Java\jdk1.8.0_111\jre\bin\net.dll
0x00007fff72710000 - 0x00007fff72777000 	C:\Windows\system32\mswsock.dll
0x0000000067780000 - 0x0000000067791000 	C:\Program Files\Java\jdk1.8.0_111\jre\bin\nio.dll
0x0000000066760000 - 0x00000000667a2000 	C:\Program Files\Java\jdk1.8.0_111\jre\bin\t2k.dll
0x00007fff72470000 - 0x00007fff72536000 	C:\Windows\SYSTEM32\DNSAPI.dll
0x00007fff766a0000 - 0x00007fff766a8000 	C:\Windows\System32\NSI.dll
0x00007fff72430000 - 0x00007fff7246d000 	C:\Windows\SYSTEM32\IPHLPAPI.DLL
0x00007fff60cf0000 - 0x00007fff60cfa000 	C:\Windows\System32\rasadhlp.dll
0x00007fff60110000 - 0x00007fff60189000 	C:\Windows\System32\fwpuclnt.dll
0x00007fff736a0000 - 0x00007fff736c6000 	C:\Windows\System32\bcrypt.dll

VM Arguments:
jvm_args: -Dfile.encoding=Cp1252 
java_command: Mini
java_class_path (initial): D:\Eclipse Projects\Mini\bin;D:\Core java(All Pgms)\8. J D B C\mysql-connector-java-8.0.16.jar
Launcher Type: SUN_STANDARD

Environment Variables:
PATH=C:/Program Files/Java/jdk1.8.0_111/jre/bin/server;C:/Program Files/Java/jdk1.8.0_111/jre/bin;C:/Program Files/Java/jdk1.8.0_111/jre/lib/amd64;C:\ProgramData\Oracle\Java\javapath;C:\oraclexe\app\oracle\product\10.2.0\server\bin;C:\windows\system32;C:\windows;C:\windows\System32\Wbem;C:\windows\System32\WindowsPowerShell\v1.0\;C:\windows\System32\OpenSSH\;C:\Program Files (x86)\NVIDIA Corporation\PhysX\Common;C:\Program Files\NVIDIA Corporation\NVIDIA NGX;C:\Program Files\NVIDIA Corporation\NVIDIA NvDLISR;C:\Windows\system32;C:\Windows;C:\Windows\System32\Wbem;C:\Windows\System32\WindowsPowerShell\v1.0\;C:\Windows\System32\OpenSSH\;C:\Program Files\MySQL\MySQL Utilities 1.6\;C:\Program Files\MySQL\MySQL Shell 8.0\bin\;C:\Users\nikhi\eclipse\java-latest-released\eclipse;
USERNAME=nikhi
OS=Windows_NT
PROCESSOR_IDENTIFIER=Intel64 Family 6 Model 158 Stepping 10, GenuineIntel



---------------  S Y S T E M  ---------------

OS: Windows 10.0 , 64 bit Build 17763 (10.0.17763.475)

CPU:total 8 (4 cores per cpu, 2 threads per core) family 6 model 158 stepping 10, cmov, cx8, fxsr, mmx, sse, sse2, sse3, ssse3, sse4.1, sse4.2, popcnt, avx, avx2, aes, clmul, erms, 3dnowpref, lzcnt, ht, tsc, tscinvbit, bmi1, bmi2, adx

Memory: 4k page, physical 8192024k(2103124k free), swap 33357848k(14496k free)

vm_info: Java HotSpot(TM) 64-Bit Server VM (25.111-b14) for windows-amd64 JRE (1.8.0_111-b14), built on Sep 22 2016 19:24:05 by "java_re" with MS VC++ 10.0 (VS2010)

time: Thu Oct 17 23:31:05 2019
elapsed time: 9364 seconds (0d 2h 36m 4s)

